<?xml version="1.0" encoding="UTF-8"?>
<testsuite name="nice.fontaine.overpass.models.query.settings.VerbosityTest" tests="5" skipped="0" failures="0" errors="0" timestamp="2018-02-19T21:36:50" hostname="wompe" time="0.003">
  <properties/>
  <testcase name="idsVerbosityTest" classname="nice.fontaine.overpass.models.query.settings.VerbosityTest" time="0.001"/>
  <testcase name="skelVerbosityTest" classname="nice.fontaine.overpass.models.query.settings.VerbosityTest" time="0.001"/>
  <testcase name="bodyVerbosityTest" classname="nice.fontaine.overpass.models.query.settings.VerbosityTest" time="0.0"/>
  <testcase name="tagsVerbosityTest" classname="nice.fontaine.overpass.models.query.settings.VerbosityTest" time="0.001"/>
  <testcase name="metaVerbosityTest" classname="nice.fontaine.overpass.models.query.settings.VerbosityTest" time="0.0"/>
  <system-out><![CDATA[]]></system-out>
  <system-err><![CDATA[]]></system-err>
</testsuite>
