<?xml version="1.0" encoding="UTF-8"?>
<testsuite name="nice.fontaine.overpass.models.query.settings.SettingsTest" tests="9" skipped="0" failures="0" errors="0" timestamp="2018-02-19T21:36:50" hostname="wompe" time="0.006">
  <properties/>
  <testcase name="shouldSetTimeoutAndMaxSize_whenBothAreSet" classname="nice.fontaine.overpass.models.query.settings.SettingsTest" time="0.0"/>
  <testcase name="getSettingMaxSizeOverLimitParamsTest" classname="nice.fontaine.overpass.models.query.settings.SettingsTest" time="0.0"/>
  <testcase name="getSettingMaxSizeNegativParamsTest" classname="nice.fontaine.overpass.models.query.settings.SettingsTest" time="0.0"/>
  <testcase name="shouldGetDefaultSettings_whenDefaultSettings" classname="nice.fontaine.overpass.models.query.settings.SettingsTest" time="0.0"/>
  <testcase name="shouldTakeDefaultMaxSize_whenNoMaxSizeIsGiven" classname="nice.fontaine.overpass.models.query.settings.SettingsTest" time="0.0"/>
  <testcase name="shouldSetGlobalBoundingBox_whenAddToSettings" classname="nice.fontaine.overpass.models.query.settings.SettingsTest" time="0.001"/>
  <testcase name="getSettingTimeoutNegativParamsTest" classname="nice.fontaine.overpass.models.query.settings.SettingsTest" time="0.001"/>
  <testcase name="shouldGetDefaultSettings_whenBuildWithNoInput" classname="nice.fontaine.overpass.models.query.settings.SettingsTest" time="0.0"/>
  <testcase name="shouldTakeDefaultTimeout_whenNoTimeoutIsGiven" classname="nice.fontaine.overpass.models.query.settings.SettingsTest" time="0.0"/>
  <system-out><![CDATA[]]></system-out>
  <system-err><![CDATA[]]></system-err>
</testsuite>
