<?xml version="1.0" encoding="UTF-8"?>
<testsuite name="nice.fontaine.overpass.models.query.settings.FilterTest" tests="8" skipped="0" failures="0" errors="0" timestamp="2018-02-19T21:36:50" hostname="wompe" time="0.001">
  <properties/>
  <testcase name="isNotFilterTest" classname="nice.fontaine.overpass.models.query.settings.FilterTest" time="0.0"/>
  <testcase name="equalFilterTest" classname="nice.fontaine.overpass.models.query.settings.FilterTest" time="0.0"/>
  <testcase name="ilikeFilterTest" classname="nice.fontaine.overpass.models.query.settings.FilterTest" time="0.0"/>
  <testcase name="notLikeFilterTest" classname="nice.fontaine.overpass.models.query.settings.FilterTest" time="0.0"/>
  <testcase name="isFilterTest" classname="nice.fontaine.overpass.models.query.settings.FilterTest" time="0.0"/>
  <testcase name="likeFilterTest" classname="nice.fontaine.overpass.models.query.settings.FilterTest" time="0.0"/>
  <testcase name="notILikeFilterTest" classname="nice.fontaine.overpass.models.query.settings.FilterTest" time="0.0"/>
  <testcase name="notEqualFilterTest" classname="nice.fontaine.overpass.models.query.settings.FilterTest" time="0.0"/>
  <system-out><![CDATA[]]></system-out>
  <system-err><![CDATA[]]></system-err>
</testsuite>
