<?xml version="1.0" encoding="UTF-8"?>
<testsuite name="nice.fontaine.overpass.models.query.settings.SelectionTest" tests="6" skipped="0" failures="0" errors="0" timestamp="2018-02-19T21:36:50" hostname="wompe" time="0.0">
  <properties/>
  <testcase name="forwardRelationTest" classname="nice.fontaine.overpass.models.query.settings.SelectionTest" time="0.0"/>
  <testcase name="forwardWayTest" classname="nice.fontaine.overpass.models.query.settings.SelectionTest" time="0.0"/>
  <testcase name="forwardNodeTest" classname="nice.fontaine.overpass.models.query.settings.SelectionTest" time="0.0"/>
  <testcase name="backwardRelationTest" classname="nice.fontaine.overpass.models.query.settings.SelectionTest" time="0.0"/>
  <testcase name="backwardNodeTest" classname="nice.fontaine.overpass.models.query.settings.SelectionTest" time="0.0"/>
  <testcase name="backwardWayTest" classname="nice.fontaine.overpass.models.query.settings.SelectionTest" time="0.0"/>
  <system-out><![CDATA[]]></system-out>
  <system-err><![CDATA[]]></system-err>
</testsuite>
