<?xml version="1.0" encoding="UTF-8"?>
<testsuite name="nice.fontaine.overpass.models.query.filters.SpatialSearchTest" tests="14" skipped="0" failures="0" errors="0" timestamp="2018-02-19T21:36:50" hostname="wompe" time="0.082">
  <properties/>
  <testcase name="failWestBiggerEastBBoxSearchAreaTest" classname="nice.fontaine.overpass.models.query.filters.SpatialSearchTest" time="0.005"/>
  <testcase name="getPolySearchAreaTest" classname="nice.fontaine.overpass.models.query.filters.SpatialSearchTest" time="0.004"/>
  <testcase name="failSouthBiggerNorthBBoxSearchAreaTest" classname="nice.fontaine.overpass.models.query.filters.SpatialSearchTest" time="0.002"/>
  <testcase name="failTooLessCoordinatesBBoxSearchAreaTest" classname="nice.fontaine.overpass.models.query.filters.SpatialSearchTest" time="0.002"/>
  <testcase name="failSouthOutOfRangeBBoxSearchAreaTest" classname="nice.fontaine.overpass.models.query.filters.SpatialSearchTest" time="0.002"/>
  <testcase name="failWrongTypeAroundSearchAreaTest" classname="nice.fontaine.overpass.models.query.filters.SpatialSearchTest" time="0.001"/>
  <testcase name="failTripletInsteadOfPairPolySearchAreaTest" classname="nice.fontaine.overpass.models.query.filters.SpatialSearchTest" time="0.0"/>
  <testcase name="getBBoxSearchAreaTest" classname="nice.fontaine.overpass.models.query.filters.SpatialSearchTest" time="0.005"/>
  <testcase name="failNorthOutOfRangeBBoxSearchAreaTest" classname="nice.fontaine.overpass.models.query.filters.SpatialSearchTest" time="0.004"/>
  <testcase name="getAroundSearchAreaTest" classname="nice.fontaine.overpass.models.query.filters.SpatialSearchTest" time="0.002"/>
  <testcase name="failWestOutOfRangeBBoxSearchAreaTest" classname="nice.fontaine.overpass.models.query.filters.SpatialSearchTest" time="0.011"/>
  <testcase name="failTooLessPairsPolySearchAreaTest" classname="nice.fontaine.overpass.models.query.filters.SpatialSearchTest" time="0.001"/>
  <testcase name="getAreaSearchAreaTest" classname="nice.fontaine.overpass.models.query.filters.SpatialSearchTest" time="0.0"/>
  <testcase name="failEastOutOfRangeBBoxSearchAreaTest" classname="nice.fontaine.overpass.models.query.filters.SpatialSearchTest" time="0.001"/>
  <system-out><![CDATA[]]></system-out>
  <system-err><![CDATA[]]></system-err>
</testsuite>
