<?xml version="1.0" encoding="UTF-8"?>
<testsuite name="nice.fontaine.overpass.models.query.statements.WayQueryTest" tests="11" skipped="0" failures="0" errors="0" timestamp="2018-02-19T21:36:50" hostname="wompe" time="0.005">
  <properties/>
  <testcase name="shouldFail_whenAreaTestAndThenWayRecursion" classname="nice.fontaine.overpass.models.query.statements.WayQueryTest" time="0.0"/>
  <testcase name="shouldFail_whenRelationRecursionAndThenAreaTest" classname="nice.fontaine.overpass.models.query.statements.WayQueryTest" time="0.001"/>
  <testcase name="shouldFail_whenAreaTestAndThenNodeRecursion" classname="nice.fontaine.overpass.models.query.statements.WayQueryTest" time="0.0"/>
  <testcase name="shouldQueryBoundingBox_whenCalled" classname="nice.fontaine.overpass.models.query.statements.WayQueryTest" time="0.0"/>
  <testcase name="shouldQueryAround_whenCalled" classname="nice.fontaine.overpass.models.query.statements.WayQueryTest" time="0.0"/>
  <testcase name="shouldGetAllFilterAndOutputParamsCorrect_whenCalled" classname="nice.fontaine.overpass.models.query.statements.WayQueryTest" time="0.001"/>
  <testcase name="shouldFail_whenNodeRecursionAndThenAreaTest" classname="nice.fontaine.overpass.models.query.statements.WayQueryTest" time="0.0"/>
  <testcase name="shouldFail_whenWayRecursionAndThenAreaTest" classname="nice.fontaine.overpass.models.query.statements.WayQueryTest" time="0.001"/>
  <testcase name="shouldFail_whenAreaTestAndThenRelationRecursion" classname="nice.fontaine.overpass.models.query.statements.WayQueryTest" time="0.0"/>
  <testcase name="shouldQueryArea_whenCalled" classname="nice.fontaine.overpass.models.query.statements.WayQueryTest" time="0.0"/>
  <testcase name="shouldQueryPolygon_whenCalled" classname="nice.fontaine.overpass.models.query.statements.WayQueryTest" time="0.001"/>
  <system-out><![CDATA[]]></system-out>
  <system-err><![CDATA[]]></system-err>
</testsuite>
