<?xml version="1.0" encoding="UTF-8"?>
<testsuite name="nice.fontaine.overpass.models.query.settings.ModifierTest" tests="4" skipped="0" failures="0" errors="0" timestamp="2018-02-19T21:36:50" hostname="wompe" time="0.001">
  <properties/>
  <testcase name="geomModifierTest" classname="nice.fontaine.overpass.models.query.settings.ModifierTest" time="0.0"/>
  <testcase name="bbModifierTest" classname="nice.fontaine.overpass.models.query.settings.ModifierTest" time="0.0"/>
  <testcase name="centerModifierTest" classname="nice.fontaine.overpass.models.query.settings.ModifierTest" time="0.0"/>
  <testcase name="countModifierTest" classname="nice.fontaine.overpass.models.query.settings.ModifierTest" time="0.001"/>
  <system-out><![CDATA[]]></system-out>
  <system-err><![CDATA[]]></system-err>
</testsuite>
