<?xml version="1.0" encoding="UTF-8"?>
<testsuite name="nice.fontaine.overpass.models.response.meta.Osm3sTest" tests="3" skipped="0" failures="0" errors="0" timestamp="2018-02-19T21:36:50" hostname="wompe" time="0.006">
  <properties/>
  <testcase name="shouldBeEqual_whenTimestampAndCopyrightSame" classname="nice.fontaine.overpass.models.response.meta.Osm3sTest" time="0.003"/>
  <testcase name="shouldReturnCorrectString_whenStringCalled" classname="nice.fontaine.overpass.models.response.meta.Osm3sTest" time="0.001"/>
  <testcase name="shouldContainTimestampAndCopyright_whenMappedFromJson" classname="nice.fontaine.overpass.models.response.meta.Osm3sTest" time="0.002"/>
  <system-out><![CDATA[]]></system-out>
  <system-err><![CDATA[]]></system-err>
</testsuite>
