<?xml version="1.0" encoding="UTF-8"?>
<testsuite name="nice.fontaine.overpass.models.response.geometries.CoordinateTest" tests="2" skipped="0" failures="0" errors="0" timestamp="2018-02-19T21:36:50" hostname="wompe" time="0.002">
  <properties/>
  <testcase name="shouldHaveLatitudeAndLongitudes_whenDeserialized" classname="nice.fontaine.overpass.models.response.geometries.CoordinateTest" time="0.001"/>
  <testcase name="shouldBeEqual_whenContainSameLatitudeAndLongitude" classname="nice.fontaine.overpass.models.response.geometries.CoordinateTest" time="0.001"/>
  <system-out><![CDATA[]]></system-out>
  <system-err><![CDATA[]]></system-err>
</testsuite>
