<?xml version="1.0" encoding="UTF-8"?>
<testsuite name="nice.fontaine.overpass.OverpassTest" tests="5" skipped="0" failures="0" errors="0" timestamp="2018-02-19T21:36:38" hostname="wompe" time="11.677">
  <properties/>
  <testcase name="shouldWayAroundBodyBoundingBoxResponse_whenRequested" classname="nice.fontaine.overpass.OverpassTest" time="5.884"/>
  <testcase name="shouldNodeAroundMetaGeomResponse_whenRequested" classname="nice.fontaine.overpass.OverpassTest" time="1.835"/>
  <testcase name="shouldRelationAroundTagsCenterResponse_whenRequested" classname="nice.fontaine.overpass.OverpassTest" time="1.805"/>
  <testcase name="shouldRelationAroundIdsCenterResponse_whenRequested" classname="nice.fontaine.overpass.OverpassTest" time="1.655"/>
  <testcase name="shouldWayAroundSkeletonCountResponse_whenRequested" classname="nice.fontaine.overpass.OverpassTest" time="0.495"/>
  <system-out><![CDATA[]]></system-out>
  <system-err><![CDATA[]]></system-err>
</testsuite>
