<?xml version="1.0" encoding="UTF-8"?>
<testsuite name="nice.fontaine.overpass.utils.Iso8601UtilsTest" tests="2" skipped="0" failures="0" errors="0" timestamp="2018-02-19T21:36:50" hostname="wompe" time="0.004">
  <properties/>
  <testcase name="shouldConvertToString_whenIso8601DateInserted" classname="nice.fontaine.overpass.utils.Iso8601UtilsTest" time="0.001"/>
  <testcase name="shouldConvertToDate_whenIso8601StringInserted" classname="nice.fontaine.overpass.utils.Iso8601UtilsTest" time="0.003"/>
  <system-out><![CDATA[]]></system-out>
  <system-err><![CDATA[]]></system-err>
</testsuite>
