<?xml version="1.0" encoding="UTF-8"?>
<testsuite name="nice.fontaine.overpass.models.query.statements.ComplexQueryTest" tests="29" skipped="0" failures="0" errors="0" timestamp="2018-02-19T21:36:50" hostname="wompe" time="0.022">
  <properties/>
  <testcase name="shouldFail_whenSetHasNoPredecessor" classname="nice.fontaine.overpass.models.query.statements.ComplexQueryTest" time="0.002"/>
  <testcase name="shouldCreateIntersectionSet_whenCalled" classname="nice.fontaine.overpass.models.query.statements.ComplexQueryTest" time="0.001"/>
  <testcase name="shouldCreateNodeWithVerbositySkeleton_whenGiven" classname="nice.fontaine.overpass.models.query.statements.ComplexQueryTest" time="0.0"/>
  <testcase name="shouldCreateNode_whenNodeAdded" classname="nice.fontaine.overpass.models.query.statements.ComplexQueryTest" time="0.0"/>
  <testcase name="shouldCreateNode_whenNodeGiven" classname="nice.fontaine.overpass.models.query.statements.ComplexQueryTest" time="0.0"/>
  <testcase name="shouldCreateDifferenceOfTwoNodes_whenCalled" classname="nice.fontaine.overpass.models.query.statements.ComplexQueryTest" time="0.001"/>
  <testcase name="shouldFail_whenSetInsertedBeforePredecessor" classname="nice.fontaine.overpass.models.query.statements.ComplexQueryTest" time="0.0"/>
  <testcase name="shouldCreateRelation_whenRelationAdded" classname="nice.fontaine.overpass.models.query.statements.ComplexQueryTest" time="0.001"/>
  <testcase name="shouldCreateRelation_whenRelationGiven" classname="nice.fontaine.overpass.models.query.statements.ComplexQueryTest" time="0.0"/>
  <testcase name="shouldFail_whenRecursionCalledWithoutPredecessor" classname="nice.fontaine.overpass.models.query.statements.ComplexQueryTest" time="0.001"/>
  <testcase name="shouldCreateNodeWayRelation_whenAllAdded" classname="nice.fontaine.overpass.models.query.statements.ComplexQueryTest" time="0.001"/>
  <testcase name="shouldCreateUnionSetAndInsertIntoSuccessorNode_whenCalled" classname="nice.fontaine.overpass.models.query.statements.ComplexQueryTest" time="0.0"/>
  <testcase name="shouldCreateNodeWithModifierGeom_whenGiven" classname="nice.fontaine.overpass.models.query.statements.ComplexQueryTest" time="0.001"/>
  <testcase name="shouldCreateDifferenceSet_whenCalled" classname="nice.fontaine.overpass.models.query.statements.ComplexQueryTest" time="0.0"/>
  <testcase name="shouldCreateNodeWayRelation_whenAllAddedAsList" classname="nice.fontaine.overpass.models.query.statements.ComplexQueryTest" time="0.0"/>
  <testcase name="shouldCreateNodeWithModifierVerbositySortedLimited_whenGiven" classname="nice.fontaine.overpass.models.query.statements.ComplexQueryTest" time="0.0"/>
  <testcase name="shouldFail_whenRecursionInsertedIntoUnion" classname="nice.fontaine.overpass.models.query.statements.ComplexQueryTest" time="0.001"/>
  <testcase name="shouldCreateUnionSet_whenCalled" classname="nice.fontaine.overpass.models.query.statements.ComplexQueryTest" time="0.001"/>
  <testcase name="shouldFail_whenNoContentProvided" classname="nice.fontaine.overpass.models.query.statements.ComplexQueryTest" time="0.001"/>
  <testcase name="getQueryAddSetWithNodeTest" classname="nice.fontaine.overpass.models.query.statements.ComplexQueryTest" time="0.001"/>
  <testcase name="shouldCreateUnionOfTwoNodes_whenCalled" classname="nice.fontaine.overpass.models.query.statements.ComplexQueryTest" time="0.001"/>
  <testcase name="shouldCreateNodeWithModifierAndVerbosity_whenGiven" classname="nice.fontaine.overpass.models.query.statements.ComplexQueryTest" time="0.0"/>
  <testcase name="shouldCreateDifferenceSetAndInsertIntoSuccessorNode_whenCalled" classname="nice.fontaine.overpass.models.query.statements.ComplexQueryTest" time="0.001"/>
  <testcase name="shouldCreateIntersectionOfTwoNodes_whenCalled" classname="nice.fontaine.overpass.models.query.statements.ComplexQueryTest" time="0.001"/>
  <testcase name="shouldCreateRecursion_whenCalled" classname="nice.fontaine.overpass.models.query.statements.ComplexQueryTest" time="0.0"/>
  <testcase name="shouldCreateWay_whenWayAdded" classname="nice.fontaine.overpass.models.query.statements.ComplexQueryTest" time="0.0"/>
  <testcase name="shouldCreateWay_whenWayGiven" classname="nice.fontaine.overpass.models.query.statements.ComplexQueryTest" time="0.0"/>
  <testcase name="shouldCreateNodeWithModifierVerbositySorted_whenGiven" classname="nice.fontaine.overpass.models.query.statements.ComplexQueryTest" time="0.0"/>
  <testcase name="shouldCreateIntersectionSetAndInsertIntoSuccessorNode_whenCalled" classname="nice.fontaine.overpass.models.query.statements.ComplexQueryTest" time="0.001"/>
  <system-out><![CDATA[]]></system-out>
  <system-err><![CDATA[]]></system-err>
</testsuite>
