<?xml version="1.0" encoding="UTF-8"?>
<testsuite name="nice.fontaine.overpass.models.response.adapters.MemberAdapterTest" tests="3" skipped="0" failures="0" errors="0" timestamp="2018-02-19T21:36:50" hostname="wompe" time="0.005">
  <properties/>
  <testcase name="shouldConvertToNodeMember_whenMemberJsonHasLatAndlon" classname="nice.fontaine.overpass.models.response.adapters.MemberAdapterTest" time="0.002"/>
  <testcase name="shouldConvertToWayMember_whenMemberJsonHasGeometry" classname="nice.fontaine.overpass.models.response.adapters.MemberAdapterTest" time="0.002"/>
  <testcase name="shouldConvertToMemberJson_whenGivenMember" classname="nice.fontaine.overpass.models.response.adapters.MemberAdapterTest" time="0.001"/>
  <system-out><![CDATA[]]></system-out>
  <system-err><![CDATA[]]></system-err>
</testsuite>
