<?xml version="1.0" encoding="UTF-8"?>
<testsuite name="nice.fontaine.overpass.models.response.geometries.BoundsTest" tests="2" skipped="0" failures="0" errors="0" timestamp="2018-02-19T21:36:50" hostname="wompe" time="0.007">
  <properties/>
  <testcase name="shouldBeEqual_whenContainSameLatitudeAndLongitude" classname="nice.fontaine.overpass.models.response.geometries.BoundsTest" time="0.002"/>
  <testcase name="shouldHaveAttributes_whenDeserialized" classname="nice.fontaine.overpass.models.response.geometries.BoundsTest" time="0.004"/>
  <system-out><![CDATA[]]></system-out>
  <system-err><![CDATA[]]></system-err>
</testsuite>
