<?xml version="1.0" encoding="UTF-8"?>
<testsuite name="nice.fontaine.overpass.models.query.standalone.SetTest" tests="2" skipped="0" failures="0" errors="0" timestamp="2018-02-19T21:36:50" hostname="wompe" time="0.001">
  <properties/>
  <testcase name="getASetTest" classname="nice.fontaine.overpass.models.query.standalone.SetTest" time="0.001"/>
  <testcase name="getDefaultSetTest" classname="nice.fontaine.overpass.models.query.standalone.SetTest" time="0.0"/>
  <system-out><![CDATA[]]></system-out>
  <system-err><![CDATA[]]></system-err>
</testsuite>
